2024-01-12 08:43:48,428 [Worker-1: Loading available Gradle versions] INFO  o.e.b.c.i.u.g.PublishedGradleVersions - Gradle version information cache is out-of-date. Trying to update.
2024-01-12 09:03:46,230 [Worker-11: https://download.eclipse.org/jetty/updates/jetty-wtp/content.xml] INFO  o.a.h.c.h.i.c.HttpRequestRetryExec - Recoverable I/O exception (java.net.SocketException) caught when processing request to {s}->https://download.eclipse.org:443
2024-01-12 09:03:48,672 [Worker-28: https://downloads.apache.org/geronimo/eclipse/updates/site.xml] INFO  o.a.h.c.h.i.c.HttpRequestRetryExec - Recoverable I/O exception (java.net.SocketException) caught when processing request to {s}->https://downloads.apache.org:443
2024-01-12 09:03:53,707 [Worker-29: https://download.oracle.com/otn_software/oepe/12.2.1.10/photon/repository/content.jar] INFO  o.a.h.c.h.i.c.HttpRequestRetryExec - Recoverable I/O exception (java.net.SocketException) caught when processing request to {s}->https://download.oracle.com:443
2024-01-12 09:03:54,318 [Worker-34: https://public.dhe.ibm.com/ibmdl/export/pub/software/websphere/wasdev/updates/libertyAdapter/2020-09/site.xml] INFO  o.a.h.c.h.i.c.HttpRequestRetryExec - Recoverable I/O exception (java.net.SocketException) caught when processing request to {s}->https://public.dhe.ibm.com:443
2024-01-12 09:03:55,208 [Worker-28: https://public.dhe.ibm.com/ibmdl/export/pub/software/websphere/wasdev/updates/libertyAdapter/2020-09/p2.index] INFO  o.a.h.c.h.i.c.HttpRequestRetryExec - Recoverable I/O exception (java.net.SocketException) caught when processing request to {s}->https://public.dhe.ibm.com:443
2024-01-12 09:03:55,420 [Worker-34: https://public.dhe.ibm.com/ibmdl/export/pub/software/websphere/wasdev/updates/libertyAdapter/2020-09/content.jar] INFO  o.a.h.c.h.i.c.HttpRequestRetryExec - Recoverable I/O exception (java.net.SocketException) caught when processing request to {s}->https://public.dhe.ibm.com:443
2024-01-12 09:03:55,611 [Worker-32: https://public.dhe.ibm.com/ibmdl/export/pub/software/websphere/wasdev/updates/libertyAdapter/2020-09/content.xml] INFO  o.a.h.c.h.i.c.HttpRequestRetryExec - Recoverable I/O exception (java.net.SocketException) caught when processing request to {s}->https://public.dhe.ibm.com:443
2024-01-12 09:59:26,246 [Worker-9: Loading available Gradle versions] INFO  o.e.b.c.i.u.g.PublishedGradleVersions - Gradle version information cache is up-to-date. Trying to read.
2024-01-12 10:07:51,915 [Worker-4: Loading available Gradle versions] INFO  o.e.b.c.i.u.g.PublishedGradleVersions - Gradle version information cache is up-to-date. Trying to read.
2024-01-12 10:16:39,938 [Worker-2: Loading available Gradle versions] INFO  o.e.b.c.i.u.g.PublishedGradleVersions - Gradle version information cache is up-to-date. Trying to read.
2024-01-12 10:19:48,241 [Worker-3: Loading available Gradle versions] INFO  o.e.b.c.i.u.g.PublishedGradleVersions - Gradle version information cache is up-to-date. Trying to read.
2024-01-12 10:52:01,076 [Worker-2: Loading available Gradle versions] INFO  o.e.b.c.i.u.g.PublishedGradleVersions - Gradle version information cache is up-to-date. Trying to read.
2024-01-14 09:02:37,306 [Worker-2: Loading available Gradle versions] INFO  o.e.b.c.i.u.g.PublishedGradleVersions - Gradle version information cache is out-of-date. Trying to update.
2024-01-14 10:06:54,377 [Worker-1: Loading available Gradle versions] INFO  o.e.b.c.i.u.g.PublishedGradleVersions - Gradle version information cache is up-to-date. Trying to read.
2024-01-15 08:20:35,870 [Worker-6: Loading available Gradle versions] INFO  o.e.b.c.i.u.g.PublishedGradleVersions - Gradle version information cache is up-to-date. Trying to read.
2024-01-15 10:24:32,063 [Worker-2: Loading available Gradle versions] INFO  o.e.b.c.i.u.g.PublishedGradleVersions - Gradle version information cache is out-of-date. Trying to update.
2024-01-18 21:50:02,667 [Worker-1: Loading available Gradle versions] INFO  o.e.b.c.i.u.g.PublishedGradleVersions - Gradle version information cache is out-of-date. Trying to update.
2024-01-19 09:07:22,728 [Worker-2: Loading available Gradle versions] INFO  o.e.b.c.i.u.g.PublishedGradleVersions - Gradle version information cache is up-to-date. Trying to read.
2024-01-19 09:07:30,447 [Worker-1: Deferred Early Start] INFO  o.a.h.c.h.i.c.HttpRequestRetryExec - Recoverable I/O exception (java.net.SocketException) caught when processing request to {s}->https://www.eclipse.org:443
2024-01-19 10:32:35,237 [Worker-2: Loading available Gradle versions] INFO  o.e.b.c.i.u.g.PublishedGradleVersions - Gradle version information cache is up-to-date. Trying to read.
2024-01-19 10:32:41,693 [Worker-11: Deferred Early Start] INFO  o.a.h.c.h.i.c.HttpRequestRetryExec - Recoverable I/O exception (java.net.SocketException) caught when processing request to {s}->https://www.eclipse.org:443
2024-01-21 21:10:22,390 [Worker-3: Loading available Gradle versions] INFO  o.e.b.c.i.u.g.PublishedGradleVersions - Gradle version information cache is out-of-date. Trying to update.
2024-01-22 07:59:50,116 [Worker-2: Loading available Gradle versions] INFO  o.e.b.c.i.u.g.PublishedGradleVersions - Gradle version information cache is up-to-date. Trying to read.
2024-01-24 19:42:01,940 [Worker-4: Loading available Gradle versions] INFO  o.e.b.c.i.u.g.PublishedGradleVersions - Gradle version information cache is out-of-date. Trying to update.
2024-01-25 13:23:15,598 [Worker-1: Loading available Gradle versions] INFO  o.e.b.c.i.u.g.PublishedGradleVersions - Gradle version information cache is up-to-date. Trying to read.
2024-01-25 16:39:01,141 [Worker-3: Loading available Gradle versions] INFO  o.e.b.c.i.u.g.PublishedGradleVersions - Gradle version information cache is up-to-date. Trying to read.
2024-02-19 08:14:06,328 [Worker-2: Loading available Gradle versions] INFO  o.e.b.c.i.u.g.PublishedGradleVersions - Gradle version information cache is out-of-date. Trying to update.
2024-02-23 08:27:56,006 [Worker-5: Loading available Gradle versions] INFO  o.e.b.c.i.u.g.PublishedGradleVersions - Gradle version information cache is out-of-date. Trying to update.
2024-02-26 08:53:12,370 [Worker-5: Loading available Gradle versions] INFO  o.e.b.c.i.u.g.PublishedGradleVersions - Gradle version information cache is out-of-date. Trying to update.
2024-02-26 09:07:07,548 [Worker-1: Loading available Gradle versions] INFO  o.e.b.c.i.u.g.PublishedGradleVersions - Gradle version information cache is up-to-date. Trying to read.
2024-02-26 09:14:43,127 [Worker-55: https://download.jboss.org/jbosstools/static/photon/stable/updates/core/4.29.0.Final/plugins/org.jboss.tools.openshift.common.core_3.24.0.v20230704-1406.jar] INFO  o.a.h.c.h.i.c.HttpRequestRetryExec - Recoverable I/O exception (java.net.SocketException) caught when processing request to {s}->https://download.jboss.org:443
2024-02-26 09:14:43,368 [Worker-35: https://download.jboss.org/jbosstools/usage/installs/core-site/4.10.0-SNAPSHOT/Final/Final-v20231020-0740-B3278/org.jboss.tools.maven.springboot.feature] INFO  o.a.h.c.h.i.c.HttpRequestRetryExec - Recoverable I/O exception (java.net.SocketException) caught when processing request to {s}->https://download.jboss.org:443
2024-02-26 09:14:43,554 [Worker-43: https://download.jboss.org/jbosstools/static/photon/stable/updates/core/4.29.0.Final/features/org.jboss.tools.openshift.egit.integration.feature_3.24.0.v20230704-1406.jar] INFO  o.a.h.c.h.i.c.HttpRequestRetryExec - Recoverable I/O exception (java.net.SocketException) caught when processing request to {s}->https://download.jboss.org:443
2024-02-26 09:14:43,554 [Worker-39: https://download.jboss.org/jbosstools/static/photon/stable/updates/core/4.29.0.Final/features/org.jboss.tools.openshift.feature_3.24.0.v20230913-1512.jar] INFO  o.a.h.c.h.i.c.HttpRequestRetryExec - Recoverable I/O exception (java.net.SocketException) caught when processing request to {s}->https://download.jboss.org:443
2024-02-26 09:19:00,508 [Worker-0: Loading available Gradle versions] INFO  o.e.b.c.i.u.g.PublishedGradleVersions - Gradle version information cache is up-to-date. Trying to read.
2024-02-26 10:02:46,880 [main] INFO  org.hibernate.cfg.Environment - Hibernate 3.5.6-Final
2024-02-26 10:02:46,890 [main] INFO  org.hibernate.cfg.Environment - hibernate.properties not found
2024-02-26 10:02:46,894 [main] INFO  org.hibernate.cfg.Environment - Bytecode provider name : javassist
2024-02-26 10:02:46,897 [main] INFO  org.hibernate.cfg.Environment - using JDK 1.4 java.sql.Timestamp handling
2024-02-26 10:14:02,424 [main] INFO  org.hibernate.cfg.Configuration - configuring from XML document
2024-02-26 10:14:02,425 [main] INFO  org.hibernate.cfg.Configuration - Configured SessionFactory: null
2024-02-26 10:14:09,134 [main] INFO  o.hibernate.cfg.annotations.Version - Hibernate Annotations 3.5.6-Final
2024-02-26 10:14:09,156 [main] INFO  org.hibernate.cfg.Configuration - configuring from XML document
2024-02-26 10:14:09,156 [main] INFO  org.hibernate.cfg.Configuration - Configured SessionFactory: null
2024-02-26 10:14:09,186 [main] INFO  o.h.cfg.AnnotationConfiguration - Hibernate Validator not found: ignoring
2024-02-26 10:14:52,267 [main] INFO  org.hibernate.cfg.Configuration - configuring from XML document
2024-02-26 10:14:52,268 [main] INFO  org.hibernate.cfg.Configuration - Configured SessionFactory: null
2024-02-26 10:14:52,843 [main] INFO  org.hibernate.cfg.Configuration - configuring from XML document
2024-02-26 10:14:52,843 [main] INFO  org.hibernate.cfg.Configuration - Configured SessionFactory: null
2024-02-26 10:14:52,845 [main] INFO  o.h.cfg.AnnotationConfiguration - Hibernate Validator not found: ignoring
2024-02-26 10:31:44,637 [main] INFO  org.hibernate.cfg.Configuration - configuring from XML document
2024-02-26 10:31:44,638 [main] INFO  org.hibernate.cfg.Configuration - Configured SessionFactory: null
2024-02-26 10:31:52,976 [main] INFO  org.hibernate.cfg.Configuration - configuring from XML document
2024-02-26 10:31:52,976 [main] INFO  org.hibernate.cfg.Configuration - Configured SessionFactory: null
2024-02-26 10:31:54,506 [main] INFO  org.hibernate.cfg.Configuration - configuring from XML document
2024-02-26 10:31:54,506 [main] INFO  org.hibernate.cfg.Configuration - Configured SessionFactory: null
2024-02-26 10:31:54,507 [main] INFO  o.h.cfg.AnnotationConfiguration - Hibernate Validator not found: ignoring
2024-02-26 10:33:43,467 [main] INFO  org.hibernate.cfg.Configuration - configuring from XML document
2024-02-26 10:33:43,468 [main] INFO  org.hibernate.cfg.Configuration - Configured SessionFactory: null
2024-02-26 10:33:45,974 [main] INFO  org.hibernate.cfg.Configuration - configuring from XML document
2024-02-26 10:33:45,974 [main] INFO  org.hibernate.cfg.Configuration - Configured SessionFactory: null
2024-02-26 10:33:45,975 [main] INFO  o.h.cfg.AnnotationConfiguration - Hibernate Validator not found: ignoring
2024-02-26 10:34:30,171 [main] INFO  org.hibernate.cfg.Configuration - configuring from XML document
2024-02-26 10:34:30,172 [main] INFO  org.hibernate.cfg.Configuration - Configured SessionFactory: null
2024-02-26 10:34:30,173 [main] INFO  o.h.cfg.AnnotationConfiguration - Hibernate Validator not found: ignoring
2024-02-28 20:59:30,909 [Worker-1: Loading available Gradle versions] INFO  o.e.b.c.i.u.g.PublishedGradleVersions - Gradle version information cache is out-of-date. Trying to update.
2024-02-28 21:23:40,325 [Worker-5: Downloading sources for hibernate-core-5.6.5.Final.jar] INFO  o.e.m.c.i.e.AbstractTransferListenerAdapter - Downloading https://repo.maven.apache.org/maven2/org/hibernate/hibernate-core/5.6.5.Final/hibernate-core-5.6.5.Final-sources.jar
2024-02-28 21:23:40,910 [Worker-5: Downloading sources for hibernate-core-5.6.5.Final.jar] INFO  o.e.m.c.i.e.AbstractTransferListenerAdapter - Downloaded https://repo.maven.apache.org/maven2/org/hibernate/hibernate-core/5.6.5.Final/hibernate-core-5.6.5.Final-sources.jar
2024-02-28 22:03:29,404 [Worker-2: Loading available Gradle versions] INFO  o.e.b.c.i.u.g.PublishedGradleVersions - Gradle version information cache is up-to-date. Trying to read.
2024-03-01 08:37:05,335 [Worker-1: Loading available Gradle versions] INFO  o.e.b.c.i.u.g.PublishedGradleVersions - Gradle version information cache is out-of-date. Trying to update.
2024-03-04 09:30:23,471 [Worker-6: Loading available Gradle versions] INFO  o.e.b.c.i.u.g.PublishedGradleVersions - Gradle version information cache is out-of-date. Trying to update.
2024-03-04 09:36:30,226 [main] INFO  org.hibernate.cfg.Environment - Hibernate 3.5.6-Final
2024-03-04 09:36:30,236 [main] INFO  org.hibernate.cfg.Environment - hibernate.properties not found
2024-03-04 09:36:30,238 [main] INFO  org.hibernate.cfg.Environment - Bytecode provider name : javassist
2024-03-04 09:36:30,242 [main] INFO  org.hibernate.cfg.Environment - using JDK 1.4 java.sql.Timestamp handling
2024-03-04 09:46:51,276 [main] INFO  org.hibernate.cfg.Configuration - configuring from XML document
2024-03-04 09:46:51,278 [main] INFO  org.hibernate.cfg.Configuration - Configured SessionFactory: null
2024-03-04 09:47:18,934 [main] INFO  o.hibernate.cfg.annotations.Version - Hibernate Annotations 3.5.6-Final
2024-03-04 09:47:18,962 [main] INFO  org.hibernate.cfg.Configuration - configuring from XML document
2024-03-04 09:47:18,962 [main] INFO  org.hibernate.cfg.Configuration - Configured SessionFactory: null
2024-03-04 09:47:18,989 [main] INFO  o.h.cfg.AnnotationConfiguration - Hibernate Validator not found: ignoring
2024-03-04 09:47:44,043 [main] INFO  org.hibernate.cfg.Configuration - configuring from XML document
2024-03-04 09:47:44,044 [main] INFO  org.hibernate.cfg.Configuration - Configured SessionFactory: null
2024-03-04 09:47:44,045 [main] INFO  o.h.cfg.AnnotationConfiguration - Hibernate Validator not found: ignoring
2024-03-04 09:49:57,727 [main] INFO  org.hibernate.cfg.Configuration - configuring from XML document
2024-03-04 09:49:57,727 [main] INFO  org.hibernate.cfg.Configuration - Configured SessionFactory: null
2024-03-04 09:49:59,389 [main] INFO  org.hibernate.cfg.Configuration - configuring from XML document
2024-03-04 09:49:59,389 [main] INFO  org.hibernate.cfg.Configuration - Configured SessionFactory: null
2024-03-04 09:49:59,391 [main] INFO  o.h.cfg.AnnotationConfiguration - Hibernate Validator not found: ignoring
2024-03-04 09:59:34,443 [Worker-2: Loading available Gradle versions] INFO  o.e.b.c.i.u.g.PublishedGradleVersions - Gradle version information cache is up-to-date. Trying to read.
2024-03-04 10:01:56,433 [main] INFO  org.hibernate.cfg.Environment - Hibernate 3.5.6-Final
2024-03-04 10:01:56,445 [main] INFO  org.hibernate.cfg.Environment - hibernate.properties not found
2024-03-04 10:01:56,447 [main] INFO  org.hibernate.cfg.Environment - Bytecode provider name : javassist
2024-03-04 10:01:56,451 [main] INFO  org.hibernate.cfg.Environment - using JDK 1.4 java.sql.Timestamp handling
2024-03-08 08:30:52,802 [Worker-3: Loading available Gradle versions] INFO  o.e.b.c.i.u.g.PublishedGradleVersions - Gradle version information cache is out-of-date. Trying to update.
2024-03-08 08:54:16,413 [Worker-3: Loading available Gradle versions] INFO  o.e.b.c.i.u.g.PublishedGradleVersions - Gradle version information cache is up-to-date. Trying to read.
2024-03-08 09:15:42,770 [Worker-0: Loading available Gradle versions] INFO  o.e.b.c.i.u.g.PublishedGradleVersions - Gradle version information cache is up-to-date. Trying to read.
